<?xml version="1.0" encoding="UTF-8"?>
<!-- Generated by org.testng.reporters.JUnitXMLReporter -->
<testsuite ignored="0" hostname="DESKTOP-V8VSACL" failures="0" tests="13" name="Surefire test" time="102.272" errors="0" timestamp="2022-08-11T15:43:38 IST">
  <testcase classname="com.testBase.baseClassForYahoo" name="@BeforeMethod start" time="3.995">
    <failure type="org.openqa.selenium.WebDriverException" message="unknown error: cannot determine loading status
from disconnected: received Inspector.detached event
  (Session info: chrome=104.0.5112.81)
Build info: version: &amp;apos;4.1.2&amp;apos;, revision: &amp;apos;9a5a329c5a&amp;apos;
System info: host: &amp;apos;DESKTOP-V8VSACL&amp;apos;, ip: &amp;apos;192.168.43.254&amp;apos;, os.name: &amp;apos;Windows 10&amp;apos;, os.arch: &amp;apos;amd64&amp;apos;, os.version: &amp;apos;10.0&amp;apos;, java.version: &amp;apos;17.0.1&amp;apos;
Driver info: org.openqa.selenium.chrome.ChromeDriver
Command: [c1c6d25591ea4de0187bd250673363b1, get {url=https://login.yahoo.com/account/create?.intl=us&amp;amp;specId=yidReg&amp;amp;done=https%3A%2F%2Fwww.yahoo.com}]
Capabilities {acceptInsecureCerts: false, browserName: chrome, browserVersion: 104.0.5112.81, chrome: {chromedriverVersion: 104.0.5112.79 (3cf3e8c8a07d..., userDataDir: C:\Users\CSS\AppData\Local\...}, goog:chromeOptions: {debuggerAddress: localhost:62149}, javascriptEnabled: true, networkConnectionEnabled: false, pageLoadStrategy: normal, platform: WINDOWS, platformName: WINDOWS, proxy: Proxy(), se:cdp: ws://localhost:62149/devtoo..., se:cdpVersion: 104.0.5112.81, setWindowRect: true, strictFileInteractability: false, timeouts: {implicit: 0, pageLoad: 300000, script: 30000}, unhandledPromptBehavior: dismiss and notify, webauthn:extension:credBlob: true, webauthn:extension:largeBlob: true, webauthn:virtualAuthenticators: true}
Session ID: c1c6d25591ea4de0187bd250673363b1">
      <![CDATA[org.openqa.selenium.WebDriverException: unknown error: cannot determine loading status
from disconnected: received Inspector.detached event
  (Session info: chrome=104.0.5112.81)
Build info: version: '4.1.2', revision: '9a5a329c5a'
System info: host: 'DESKTOP-V8VSACL', ip: '192.168.43.254', os.name: 'Windows 10', os.arch: 'amd64', os.version: '10.0', java.version: '17.0.1'
Driver info: org.openqa.selenium.chrome.ChromeDriver
Command: [c1c6d25591ea4de0187bd250673363b1, get {url=https://login.yahoo.com/account/create?.intl=us&specId=yidReg&done=https%3A%2F%2Fwww.yahoo.com}]
Capabilities {acceptInsecureCerts: false, browserName: chrome, browserVersion: 104.0.5112.81, chrome: {chromedriverVersion: 104.0.5112.79 (3cf3e8c8a07d..., userDataDir: C:\Users\CSS\AppData\Local\...}, goog:chromeOptions: {debuggerAddress: localhost:62149}, javascriptEnabled: true, networkConnectionEnabled: false, pageLoadStrategy: normal, platform: WINDOWS, platformName: WINDOWS, proxy: Proxy(), se:cdp: ws://localhost:62149/devtoo..., se:cdpVersion: 104.0.5112.81, setWindowRect: true, strictFileInteractability: false, timeouts: {implicit: 0, pageLoad: 300000, script: 30000}, unhandledPromptBehavior: dismiss and notify, webauthn:extension:credBlob: true, webauthn:extension:largeBlob: true, webauthn:virtualAuthenticators: true}
Session ID: c1c6d25591ea4de0187bd250673363b1
at org.openqa.selenium.remote.codec.w3c.W3CHttpResponseCodec.createException(W3CHttpResponseCodec.java:200)
at org.openqa.selenium.remote.codec.w3c.W3CHttpResponseCodec.decode(W3CHttpResponseCodec.java:133)
at org.openqa.selenium.remote.codec.w3c.W3CHttpResponseCodec.decode(W3CHttpResponseCodec.java:53)
at org.openqa.selenium.remote.HttpCommandExecutor.execute(HttpCommandExecutor.java:184)
at org.openqa.selenium.remote.service.DriverCommandExecutor.invokeExecute(DriverCommandExecutor.java:167)
at org.openqa.selenium.remote.service.DriverCommandExecutor.execute(DriverCommandExecutor.java:142)
at org.openqa.selenium.remote.RemoteWebDriver.execute(RemoteWebDriver.java:558)
at org.openqa.selenium.remote.RemoteWebDriver.get(RemoteWebDriver.java:327)
at com.testBase.baseClassForYahoo.start(baseClassForYahoo.java:47)
at java.base/java.util.ArrayList.forEach(ArrayList.java:1511)
... Removed 41 stack frames]]>
    </failure>
  </testcase> <!-- @BeforeMethod start -->
  <testcase classname="com.testBase.baseClassForYahoo" name="@AfterMethod tearDown" time="0.0">
    <skipped/>
  </testcase> <!-- @AfterMethod tearDown -->
  <testcase classname="com.testBase.baseClassForYahoo" name="@BeforeMethod start" time="0.0">
    <skipped/>
  </testcase> <!-- @BeforeMethod start -->
  <testcase classname="com.testBase.baseClassForYahoo" name="@AfterMethod tearDown" time="0.0">
    <skipped/>
  </testcase> <!-- @AfterMethod tearDown -->
  <testcase classname="com.testBase.baseClassForYahoo" name="@BeforeMethod start" time="0.0">
    <skipped/>
  </testcase> <!-- @BeforeMethod start -->
  <testcase classname="com.testBase.baseClassForYahoo" name="@AfterMethod tearDown" time="0.0">
    <skipped/>
  </testcase> <!-- @AfterMethod tearDown -->
  <testcase classname="com.testBase.baseClassForYahoo" name="@BeforeMethod start" time="0.0">
    <skipped/>
  </testcase> <!-- @BeforeMethod start -->
  <testcase classname="com.testBase.baseClassForYahoo" name="@AfterMethod tearDown" time="0.0">
    <skipped/>
  </testcase> <!-- @AfterMethod tearDown -->
  <testcase classname="com.testBase.baseClassForYahoo" name="@BeforeMethod start" time="0.0">
    <skipped/>
  </testcase> <!-- @BeforeMethod start -->
  <testcase classname="com.testBase.baseClassForYahoo" name="@AfterMethod tearDown" time="0.0">
    <skipped/>
  </testcase> <!-- @AfterMethod tearDown -->
  <testcase classname="com.testBase.baseClassForYahoo" name="@BeforeMethod start" time="0.0">
    <skipped/>
  </testcase> <!-- @BeforeMethod start -->
  <testcase classname="com.testBase.baseClassForYahoo" name="@AfterMethod tearDown" time="0.0">
    <skipped/>
  </testcase> <!-- @AfterMethod tearDown -->
  <testcase classname="com.testBase.baseClassForYahoo" name="@BeforeMethod start" time="0.0">
    <skipped/>
  </testcase> <!-- @BeforeMethod start -->
  <testcase classname="com.testBase.baseClassForYahoo" name="@AfterMethod tearDown" time="0.0">
    <skipped/>
  </testcase> <!-- @AfterMethod tearDown -->
  <testcase classname="com.testBase.baseClassForYahoo" name="@BeforeMethod start" time="0.0">
    <skipped/>
  </testcase> <!-- @BeforeMethod start -->
  <testcase classname="com.testBase.baseClassForYahoo" name="@AfterMethod tearDown" time="0.0">
    <skipped/>
  </testcase> <!-- @AfterMethod tearDown -->
  <testcase classname="com.testBase.baseClassForYahoo" name="@BeforeMethod start" time="0.0">
    <skipped/>
  </testcase> <!-- @BeforeMethod start -->
  <testcase classname="com.testBase.baseClassForYahoo" name="@AfterMethod tearDown" time="0.0">
    <skipped/>
  </testcase> <!-- @AfterMethod tearDown -->
  <testcase classname="com.testBase.baseClassForYahoo" name="@BeforeMethod start" time="0.0">
    <skipped/>
  </testcase> <!-- @BeforeMethod start -->
  <testcase classname="com.testBase.baseClassForYahoo" name="@AfterMethod tearDown" time="0.0">
    <skipped/>
  </testcase> <!-- @AfterMethod tearDown -->
  <testcase classname="com.qa.testLayer.HomePageTest" name="verifyNexus6" time="17.052"/>
  <testcase classname="com.qa.testLayer.HomePageTest" name="verifyNokiaLumia1520" time="7.204"/>
  <testcase classname="com.qa.testLayer.HomePageTest" name="verifySamsungGalaxyS6" time="6.353"/>
  <testcase classname="com.Test.TestRegistration" name="EmtyInputMobileNumber" time="0.0">
    <skipped/>
  </testcase> <!-- EmtyInputMobileNumber -->
  <testcase classname="com.Test.TestRegistration" name="InputMobileNumber" time="0.0">
    <skipped/>
  </testcase> <!-- InputMobileNumber -->
  <testcase classname="com.Test.TestRegistration" name="InvalidInputMobileNumber" time="0.001">
    <skipped/>
  </testcase> <!-- InvalidInputMobileNumber -->
  <testcase classname="com.Test.TestRegistration" name="SelectCountryCode" time="0.0">
    <skipped/>
  </testcase> <!-- SelectCountryCode -->
  <testcase classname="com.Test.TestRegistration" name="clickOnVerify" time="0.001">
    <skipped/>
  </testcase> <!-- clickOnVerify -->
  <testcase classname="com.Test.TestRegistration" name="verifyFirstName" time="0.0">
    <skipped/>
  </testcase> <!-- verifyFirstName -->
  <testcase classname="com.Test.TestRegistration" name="verifyInputBirthYear" time="0.0">
    <skipped/>
  </testcase> <!-- verifyInputBirthYear -->
  <testcase classname="com.Test.TestRegistration" name="verifyInputPassward" time="0.0">
    <skipped/>
  </testcase> <!-- verifyInputPassward -->
  <testcase classname="com.Test.TestRegistration" name="verifyLaststName" time="0.001">
    <skipped/>
  </testcase> <!-- verifyLaststName -->
  <testcase classname="com.Test.TestRegistration" name="verifyNewEmail" time="0.0">
    <skipped/>
  </testcase> <!-- verifyNewEmail -->
</testsuite> <!-- Surefire test -->
